<?xml version="1.0" encoding="UTF-8"?>
<!-- Generated by org.testng.reporters.JUnitXMLReporter -->
<testsuite ignored="28" hostname="Vanderborg" failures="2" tests="3" name="FinalProjectFrameWork" time="12.808" errors="0" timestamp="31 May 2023 16:31:44 GMT">
  <testcase classname="base.CommonAPI" name="@AfterMethod afterEachTestMethod" time="0.064">
    <failure type="org.openqa.selenium.WebDriverException" message="disconnected: not connected to DevTools
  (failed to check if window was closed: disconnected: not connected to DevTools)
  (Session info: chrome=113.0.5672.127)
Build info: version: &amp;apos;4.1.4&amp;apos;, revision: &amp;apos;535d840ee2&amp;apos;
System info: host: &amp;apos;VANDERBORG&amp;apos;, ip: &amp;apos;192.168.1.158&amp;apos;, os.name: &amp;apos;Windows 11&amp;apos;, os.arch: &amp;apos;amd64&amp;apos;, os.version: &amp;apos;10.0&amp;apos;, java.version: &amp;apos;11.0.17&amp;apos;
Driver info: org.openqa.selenium.chrome.ChromeDriver
Command: [13025e6bba9ce6c285bdf028abac883d, screenshot {}]
Capabilities {acceptInsecureCerts: false, browserName: chrome, browserVersion: 113.0.5672.127, chrome: {chromedriverVersion: 113.0.5672.63 (0e1a4471d5ae..., userDataDir: C:\Users\acekn\AppData\Loca...}, goog:chromeOptions: {debuggerAddress: localhost:59635}, javascriptEnabled: true, networkConnectionEnabled: false, pageLoadStrategy: normal, platform: WINDOWS, platformName: WINDOWS, proxy: Proxy(), se:cdp: ws://localhost:59635/devtoo..., se:cdpVersion: 113.0.5672.127, setWindowRect: true, strictFileInteractability: false, timeouts: {implicit: 0, pageLoad: 300000, script: 30000}, unhandledPromptBehavior: dismiss and notify, webauthn:extension:credBlob: true, webauthn:extension:largeBlob: true, webauthn:extension:minPinLength: true, webauthn:extension:prf: true, webauthn:virtualAuthenticators: true}
Session ID: 13025e6bba9ce6c285bdf028abac883d">
      <![CDATA[org.openqa.selenium.WebDriverException: disconnected: not connected to DevTools
  (failed to check if window was closed: disconnected: not connected to DevTools)
  (Session info: chrome=113.0.5672.127)
Build info: version: '4.1.4', revision: '535d840ee2'
System info: host: 'VANDERBORG', ip: '192.168.1.158', os.name: 'Windows 11', os.arch: 'amd64', os.version: '10.0', java.version: '11.0.17'
Driver info: org.openqa.selenium.chrome.ChromeDriver
Command: [13025e6bba9ce6c285bdf028abac883d, screenshot {}]
Capabilities {acceptInsecureCerts: false, browserName: chrome, browserVersion: 113.0.5672.127, chrome: {chromedriverVersion: 113.0.5672.63 (0e1a4471d5ae..., userDataDir: C:\Users\acekn\AppData\Loca...}, goog:chromeOptions: {debuggerAddress: localhost:59635}, javascriptEnabled: true, networkConnectionEnabled: false, pageLoadStrategy: normal, platform: WINDOWS, platformName: WINDOWS, proxy: Proxy(), se:cdp: ws://localhost:59635/devtoo..., se:cdpVersion: 113.0.5672.127, setWindowRect: true, strictFileInteractability: false, timeouts: {implicit: 0, pageLoad: 300000, script: 30000}, unhandledPromptBehavior: dismiss and notify, webauthn:extension:credBlob: true, webauthn:extension:largeBlob: true, webauthn:extension:minPinLength: true, webauthn:extension:prf: true, webauthn:virtualAuthenticators: true}
Session ID: 13025e6bba9ce6c285bdf028abac883d
at org.openqa.selenium.remote.codec.w3c.W3CHttpResponseCodec.createException(W3CHttpResponseCodec.java:200)
at org.openqa.selenium.remote.codec.w3c.W3CHttpResponseCodec.decode(W3CHttpResponseCodec.java:133)
at org.openqa.selenium.remote.codec.w3c.W3CHttpResponseCodec.decode(W3CHttpResponseCodec.java:53)
at org.openqa.selenium.remote.HttpCommandExecutor.execute(HttpCommandExecutor.java:184)
at org.openqa.selenium.remote.service.DriverCommandExecutor.invokeExecute(DriverCommandExecutor.java:167)
at org.openqa.selenium.remote.service.DriverCommandExecutor.execute(DriverCommandExecutor.java:142)
at org.openqa.selenium.remote.RemoteWebDriver.execute(RemoteWebDriver.java:567)
at org.openqa.selenium.remote.RemoteWebDriver.execute(RemoteWebDriver.java:622)
at org.openqa.selenium.remote.RemoteWebDriver.execute(RemoteWebDriver.java:626)
at org.openqa.selenium.remote.RemoteWebDriver.getScreenshotAs(RemoteWebDriver.java:351)
at base.CommonAPI.takeScreenshot(CommonAPI.java:415)
at base.CommonAPI.afterEachTestMethod(CommonAPI.java:106)
at com.intellij.rt.testng.IDEARemoteTestNG.run(IDEARemoteTestNG.java:66)
at com.intellij.rt.testng.RemoteTestNGStarter.main(RemoteTestNGStarter.java:105)
... Removed 29 stack frames]]>
    </failure>
  </testcase> <!-- @AfterMethod afterEachTestMethod -->
  <testcase classname="base.CommonAPI" name="@AfterMethod endLOG" time="0.0">
    <skipped/>
  </testcase> <!-- @AfterMethod endLOG -->
  <testcase classname="base.CommonAPI" name="@AfterMethod tearDown" time="0.0">
    <skipped/>
  </testcase> <!-- @AfterMethod tearDown -->
  <testcase classname="base.CommonAPI" name="@BeforeMethod setUp" time="0.0">
    <skipped/>
  </testcase> <!-- @BeforeMethod setUp -->
  <testcase classname="base.CommonAPI" name="@BeforeMethod startExtent" time="0.0">
    <skipped/>
  </testcase> <!-- @BeforeMethod startExtent -->
  <testcase classname="base.CommonAPI" name="@AfterMethod afterEachTestMethod" time="0.0">
    <skipped/>
  </testcase> <!-- @AfterMethod afterEachTestMethod -->
  <testcase classname="base.CommonAPI" name="@AfterMethod endLOG" time="0.0">
    <skipped/>
  </testcase> <!-- @AfterMethod endLOG -->
  <testcase classname="base.CommonAPI" name="@AfterMethod tearDown" time="0.0">
    <skipped/>
  </testcase> <!-- @AfterMethod tearDown -->
  <testcase classname="lumatests.LumaTest" name="registerWithDataProvider" time="3.092">
    <failure type="org.openqa.selenium.NoSuchElementException" message="no such element: Unable to locate element: {&amp;quot;method&amp;quot;:&amp;quot;css selector&amp;quot;,&amp;quot;selector&amp;quot;:&amp;quot;div[class=&amp;apos;panel header&amp;apos;] li[data-label=&amp;apos;or&amp;apos;] a&amp;quot;}
  (Session info: chrome=113.0.5672.127)
For documentation on this error, please visit: https://selenium.dev/exceptions/#no_such_element
Build info: version: &amp;apos;4.1.4&amp;apos;, revision: &amp;apos;535d840ee2&amp;apos;
System info: host: &amp;apos;VANDERBORG&amp;apos;, ip: &amp;apos;192.168.1.158&amp;apos;, os.name: &amp;apos;Windows 11&amp;apos;, os.arch: &amp;apos;amd64&amp;apos;, os.version: &amp;apos;10.0&amp;apos;, java.version: &amp;apos;11.0.17&amp;apos;
Driver info: org.openqa.selenium.chrome.ChromeDriver
Command: [21b99f75295a3d342e166bd706679d93, findElement {using=css selector, value=div[class=&amp;apos;panel header&amp;apos;] li[data-label=&amp;apos;or&amp;apos;] a}]
Capabilities {acceptInsecureCerts: false, browserName: chrome, browserVersion: 113.0.5672.127, chrome: {chromedriverVersion: 113.0.5672.63 (0e1a4471d5ae..., userDataDir: C:\Users\acekn\AppData\Loca...}, goog:chromeOptions: {debuggerAddress: localhost:59606}, javascriptEnabled: true, networkConnectionEnabled: false, pageLoadStrategy: normal, platform: WINDOWS, platformName: WINDOWS, proxy: Proxy(), se:cdp: ws://localhost:59606/devtoo..., se:cdpVersion: 113.0.5672.127, setWindowRect: true, strictFileInteractability: false, timeouts: {implicit: 0, pageLoad: 300000, script: 30000}, unhandledPromptBehavior: dismiss and notify, webauthn:extension:credBlob: true, webauthn:extension:largeBlob: true, webauthn:extension:minPinLength: true, webauthn:extension:prf: true, webauthn:virtualAuthenticators: true}
Session ID: 21b99f75295a3d342e166bd706679d93">
        <![CDATA[org.openqa.selenium.NoSuchElementException: no such element: Unable to locate element: {"method":"css selector","selector":"div[class='panel header'] li[data-label='or'] a"}
  (Session info: chrome=113.0.5672.127)
For documentation on this error, please visit: https://selenium.dev/exceptions/#no_such_element
Build info: version: '4.1.4', revision: '535d840ee2'
System info: host: 'VANDERBORG', ip: '192.168.1.158', os.name: 'Windows 11', os.arch: 'amd64', os.version: '10.0', java.version: '11.0.17'
Driver info: org.openqa.selenium.chrome.ChromeDriver
Command: [21b99f75295a3d342e166bd706679d93, findElement {using=css selector, value=div[class='panel header'] li[data-label='or'] a}]
Capabilities {acceptInsecureCerts: false, browserName: chrome, browserVersion: 113.0.5672.127, chrome: {chromedriverVersion: 113.0.5672.63 (0e1a4471d5ae..., userDataDir: C:\Users\acekn\AppData\Loca...}, goog:chromeOptions: {debuggerAddress: localhost:59606}, javascriptEnabled: true, networkConnectionEnabled: false, pageLoadStrategy: normal, platform: WINDOWS, platformName: WINDOWS, proxy: Proxy(), se:cdp: ws://localhost:59606/devtoo..., se:cdpVersion: 113.0.5672.127, setWindowRect: true, strictFileInteractability: false, timeouts: {implicit: 0, pageLoad: 300000, script: 30000}, unhandledPromptBehavior: dismiss and notify, webauthn:extension:credBlob: true, webauthn:extension:largeBlob: true, webauthn:extension:minPinLength: true, webauthn:extension:prf: true, webauthn:virtualAuthenticators: true}
Session ID: 21b99f75295a3d342e166bd706679d93
at org.openqa.selenium.remote.codec.w3c.W3CHttpResponseCodec.createException(W3CHttpResponseCodec.java:200)
at org.openqa.selenium.remote.codec.w3c.W3CHttpResponseCodec.decode(W3CHttpResponseCodec.java:133)
at org.openqa.selenium.remote.codec.w3c.W3CHttpResponseCodec.decode(W3CHttpResponseCodec.java:53)
at org.openqa.selenium.remote.HttpCommandExecutor.execute(HttpCommandExecutor.java:184)
at org.openqa.selenium.remote.service.DriverCommandExecutor.invokeExecute(DriverCommandExecutor.java:167)
at org.openqa.selenium.remote.service.DriverCommandExecutor.execute(DriverCommandExecutor.java:142)
at org.openqa.selenium.remote.RemoteWebDriver.execute(RemoteWebDriver.java:567)
at org.openqa.selenium.remote.ElementLocation$ElementFinder$2.findElement(ElementLocation.java:162)
at org.openqa.selenium.remote.ElementLocation.findElement(ElementLocation.java:60)
at org.openqa.selenium.remote.RemoteWebDriver.findElement(RemoteWebDriver.java:385)
at org.openqa.selenium.remote.RemoteWebDriver.findElement(RemoteWebDriver.java:377)
at org.openqa.selenium.support.pagefactory.DefaultElementLocator.findElement(DefaultElementLocator.java:70)
at org.openqa.selenium.support.pagefactory.internal.LocatingElementHandler.invoke(LocatingElementHandler.java:39)
at com.sun.proxy.$Proxy35.click(Unknown Source)
at base.CommonAPI.click(CommonAPI.java:238)
at luma.lumapages.HomePage.navigateToSignIn(HomePage.java:83)
at luma.lumapages.LoginPage.loginWithDataProvider(LoginPage.java:60)
at lumatests.LumaTest.registerWithDataProvider(LumaTest.java:453)
at com.intellij.rt.testng.IDEARemoteTestNG.run(IDEARemoteTestNG.java:66)
at com.intellij.rt.testng.RemoteTestNGStarter.main(RemoteTestNGStarter.java:105)
... Removed 26 stack frames]]>
    </failure>
  </testcase> <!-- registerWithDataProvider -->
  <testcase classname="lumatests.LumaTest" name="subscribeToNewsletter" time="1.755">
    <failure type="org.openqa.selenium.WebDriverException" message="disconnected: unable to send message to renderer
  (failed to check if window was closed: disconnected: not connected to DevTools)
  (Session info: chrome=113.0.5672.127)
Build info: version: &amp;apos;4.1.4&amp;apos;, revision: &amp;apos;535d840ee2&amp;apos;
System info: host: &amp;apos;VANDERBORG&amp;apos;, ip: &amp;apos;192.168.1.158&amp;apos;, os.name: &amp;apos;Windows 11&amp;apos;, os.arch: &amp;apos;amd64&amp;apos;, os.version: &amp;apos;10.0&amp;apos;, java.version: &amp;apos;11.0.17&amp;apos;
Driver info: org.openqa.selenium.chrome.ChromeDriver
Command: [13025e6bba9ce6c285bdf028abac883d, findElement {using=css selector, value=div[class=&amp;apos;panel header&amp;apos;] li[data-label=&amp;apos;or&amp;apos;] a}]
Capabilities {acceptInsecureCerts: false, browserName: chrome, browserVersion: 113.0.5672.127, chrome: {chromedriverVersion: 113.0.5672.63 (0e1a4471d5ae..., userDataDir: C:\Users\acekn\AppData\Loca...}, goog:chromeOptions: {debuggerAddress: localhost:59635}, javascriptEnabled: true, networkConnectionEnabled: false, pageLoadStrategy: normal, platform: WINDOWS, platformName: WINDOWS, proxy: Proxy(), se:cdp: ws://localhost:59635/devtoo..., se:cdpVersion: 113.0.5672.127, setWindowRect: true, strictFileInteractability: false, timeouts: {implicit: 0, pageLoad: 300000, script: 30000}, unhandledPromptBehavior: dismiss and notify, webauthn:extension:credBlob: true, webauthn:extension:largeBlob: true, webauthn:extension:minPinLength: true, webauthn:extension:prf: true, webauthn:virtualAuthenticators: true}
Session ID: 13025e6bba9ce6c285bdf028abac883d">
        <![CDATA[org.openqa.selenium.WebDriverException: disconnected: unable to send message to renderer
  (failed to check if window was closed: disconnected: not connected to DevTools)
  (Session info: chrome=113.0.5672.127)
Build info: version: '4.1.4', revision: '535d840ee2'
System info: host: 'VANDERBORG', ip: '192.168.1.158', os.name: 'Windows 11', os.arch: 'amd64', os.version: '10.0', java.version: '11.0.17'
Driver info: org.openqa.selenium.chrome.ChromeDriver
Command: [13025e6bba9ce6c285bdf028abac883d, findElement {using=css selector, value=div[class='panel header'] li[data-label='or'] a}]
Capabilities {acceptInsecureCerts: false, browserName: chrome, browserVersion: 113.0.5672.127, chrome: {chromedriverVersion: 113.0.5672.63 (0e1a4471d5ae..., userDataDir: C:\Users\acekn\AppData\Loca...}, goog:chromeOptions: {debuggerAddress: localhost:59635}, javascriptEnabled: true, networkConnectionEnabled: false, pageLoadStrategy: normal, platform: WINDOWS, platformName: WINDOWS, proxy: Proxy(), se:cdp: ws://localhost:59635/devtoo..., se:cdpVersion: 113.0.5672.127, setWindowRect: true, strictFileInteractability: false, timeouts: {implicit: 0, pageLoad: 300000, script: 30000}, unhandledPromptBehavior: dismiss and notify, webauthn:extension:credBlob: true, webauthn:extension:largeBlob: true, webauthn:extension:minPinLength: true, webauthn:extension:prf: true, webauthn:virtualAuthenticators: true}
Session ID: 13025e6bba9ce6c285bdf028abac883d
at org.openqa.selenium.remote.codec.w3c.W3CHttpResponseCodec.createException(W3CHttpResponseCodec.java:200)
at org.openqa.selenium.remote.codec.w3c.W3CHttpResponseCodec.decode(W3CHttpResponseCodec.java:133)
at org.openqa.selenium.remote.codec.w3c.W3CHttpResponseCodec.decode(W3CHttpResponseCodec.java:53)
at org.openqa.selenium.remote.HttpCommandExecutor.execute(HttpCommandExecutor.java:184)
at org.openqa.selenium.remote.service.DriverCommandExecutor.invokeExecute(DriverCommandExecutor.java:167)
at org.openqa.selenium.remote.service.DriverCommandExecutor.execute(DriverCommandExecutor.java:142)
at org.openqa.selenium.remote.RemoteWebDriver.execute(RemoteWebDriver.java:567)
at org.openqa.selenium.remote.ElementLocation$ElementFinder$2.findElement(ElementLocation.java:162)
at org.openqa.selenium.remote.ElementLocation.findElement(ElementLocation.java:60)
at org.openqa.selenium.remote.RemoteWebDriver.findElement(RemoteWebDriver.java:385)
at org.openqa.selenium.remote.RemoteWebDriver.findElement(RemoteWebDriver.java:377)
at org.openqa.selenium.support.pagefactory.DefaultElementLocator.findElement(DefaultElementLocator.java:70)
at org.openqa.selenium.support.pagefactory.internal.LocatingElementHandler.invoke(LocatingElementHandler.java:39)
at com.sun.proxy.$Proxy35.click(Unknown Source)
at base.CommonAPI.click(CommonAPI.java:238)
at luma.lumapages.HomePage.navigateToSignIn(HomePage.java:83)
at lumatests.LumaTest.subscribeToNewsletter(LumaTest.java:29)
at com.intellij.rt.testng.IDEARemoteTestNG.run(IDEARemoteTestNG.java:66)
at com.intellij.rt.testng.RemoteTestNGStarter.main(RemoteTestNGStarter.java:105)
... Removed 26 stack frames]]>
    </failure>
  </testcase> <!-- subscribeToNewsletter -->
  <testcase classname="lumatests.LumaTest" name="viewPreviousOrder" time="0.0">
    <skipped/>
  </testcase> <!-- viewPreviousOrder -->
  <testcase classname="lumatests.LumaTest" name="createAccountWithoutEmailAndPassword" time="0.0">
    <ignored/>
  </testcase> <!-- createAccountWithoutEmailAndPassword -->
  <testcase classname="lumatests.LumaTest" name="verifyItemLimiter" time="0.0">
    <ignored/>
  </testcase> <!-- verifyItemLimiter -->
  <testcase classname="lumatests.LumaTest" name="verifyH20DiscountWithRegisteredUser" time="0.0">
    <ignored/>
  </testcase> <!-- verifyH20DiscountWithRegisteredUser -->
  <testcase classname="lumatests.LumaTest" name="verify20PercentOffDiscountWithGuestOrder" time="0.0">
    <ignored/>
  </testcase> <!-- verify20PercentOffDiscountWithGuestOrder -->
  <testcase classname="lumatests.LumaTest" name="verifyProductDetailsVisibleOnWishList" time="0.0">
    <ignored/>
  </testcase> <!-- verifyProductDetailsVisibleOnWishList -->
  <testcase classname="lumatests.LumaTest" name="verifyReviewFunctionality" time="0.0">
    <ignored/>
  </testcase> <!-- verifyReviewFunctionality -->
  <testcase classname="lumatests.LumaTest" name="editBillingAddress" time="0.0">
    <ignored/>
  </testcase> <!-- editBillingAddress -->
  <testcase classname="lumatests.LumaTest" name="reorderFromPastOrders" time="0.0">
    <ignored/>
  </testcase> <!-- reorderFromPastOrders -->
  <testcase classname="lumatests.LumaTest" name="verifyIncorrectLogin" time="0.0">
    <ignored/>
  </testcase> <!-- verifyIncorrectLogin -->
  <testcase classname="lumatests.LumaTest" name="editNewsletterSubscription" time="0.0">
    <ignored/>
  </testcase> <!-- editNewsletterSubscription -->
  <testcase classname="lumatests.LumaTest" name="verify20PercentOffDiscountWithKnownUserOrder" time="0.0">
    <ignored/>
  </testcase> <!-- verify20PercentOffDiscountWithKnownUserOrder -->
  <testcase classname="lumatests.LumaTest" name="addToComparisonList" time="0.0">
    <ignored/>
  </testcase> <!-- addToComparisonList -->
  <testcase classname="lumatests.LumaTest" name="verifySearchWithSKU" time="0.0">
    <ignored/>
  </testcase> <!-- verifySearchWithSKU -->
  <testcase classname="lumatests.LumaTest" name="verifyInvalidCouponOnDuplicateOrder" time="0.0">
    <ignored/>
  </testcase> <!-- verifyInvalidCouponOnDuplicateOrder -->
  <testcase classname="lumatests.LumaTest" name="addFromWishListToCartFromWhatsNew" time="0.0">
    <ignored/>
  </testcase> <!-- addFromWishListToCartFromWhatsNew -->
  <testcase classname="lumatests.LumaTest" name="verifyLogIn" time="0.0">
    <ignored/>
  </testcase> <!-- verifyLogIn -->
  <testcase classname="lumatests.LumaTest" name="verifyH2ODiscountWithGuest" time="0.0">
    <ignored/>
  </testcase> <!-- verifyH2ODiscountWithGuest -->
  <testcase classname="lumatests.LumaTest" name="logInWithConnectDB" time="0.0">
    <ignored/>
  </testcase> <!-- logInWithConnectDB -->
  <testcase classname="lumatests.LumaTest" name="verifyAdvancedSearch" time="0.0">
    <ignored/>
  </testcase> <!-- verifyAdvancedSearch -->
  <testcase classname="lumatests.LumaTest" name="additionAndRemovalOfItems" time="0.0">
    <ignored/>
  </testcase> <!-- additionAndRemovalOfItems -->
  <testcase classname="lumatests.LumaTest" name="verifySortByDropDown" time="0.0">
    <ignored/>
  </testcase> <!-- verifySortByDropDown -->
  <testcase classname="lumatests.LumaTest" name="verifyWishList" time="0.0">
    <ignored/>
  </testcase> <!-- verifyWishList -->
  <testcase classname="lumatests.LumaTest" name="contactUs" time="0.0">
    <ignored/>
  </testcase> <!-- contactUs -->
  <testcase classname="lumatests.LumaTest" name="guestCheckout" time="0.0">
    <ignored/>
  </testcase> <!-- guestCheckout -->
  <testcase classname="lumatests.LumaTest" name="verifySearchBarFunctionality" time="0.0">
    <ignored/>
  </testcase> <!-- verifySearchBarFunctionality -->
  <testcase classname="lumatests.LumaTest" name="tShirtPromotionCheckOut" time="0.0">
    <ignored/>
  </testcase> <!-- tShirtPromotionCheckOut -->
  <testcase classname="lumatests.LumaTest" name="accountCreation" time="0.0">
    <ignored/>
  </testcase> <!-- accountCreation -->
  <testcase classname="lumatests.LumaTest" name="addSinbadTankTopToCart" time="0.0">
    <ignored/>
  </testcase> <!-- addSinbadTankTopToCart -->
</testsuite> <!-- FinalProjectFrameWork -->
